<?xml version="1.0" encoding="UTF-8"?>
<testsuite xmlns:xsi="http://www.w3.org/2001/XMLSchema-instance" xsi:noNamespaceSchemaLocation="https://maven.apache.org/surefire/maven-surefire-plugin/xsd/surefire-test-report.xsd" name="OrderTest" time="0.912" tests="4" errors="0" skipped="0" failures="0">
  <properties>
[...]
</properties>
  <testcase name="orderCreateTest[0]" classname="OrderTest" time="0.153"/>
  <testcase name="orderCreateTest[1]" classname="OrderTest" time="0.397"/>
  <testcase name="orderCreateTest[2]" classname="OrderTest" time="0.156"/>
  <testcase name="orderCreateTest[3]" classname="OrderTest" time="0.193"/>
</testsuite>